2026-01-20 11:30:58,493 [TestNG-tests-1] INFO com.qa.opencart.base.Hooks - Browser: Chrome
2026-01-20 11:30:58,495 [TestNG-tests-1] INFO com.qa.opencart.driverManager.DriverFactory - Initializing the driver
2026-01-20 11:30:58,495 [TestNG-tests-1] INFO com.qa.opencart.driverManager.DriverFactory - Initialize Chrome Browser
2026-01-20 11:30:59,723 [TestNG-tests-1] INFO com.qa.opencart.base.Hooks - EnvType: dev
2026-01-20 11:31:03,435 [TestNG-tests-1] INFO com.qa.opencart.log.TestLogger - UserName is :: palnilava1930@gmail.com
2026-01-20 11:31:03,435 [TestNG-tests-1] INFO com.qa.opencart.log.TestLogger - Password is :: admin
2026-01-20 11:31:04,328 [TestNG-tests-1] INFO com.qa.opencart.log.TestLogger - Attaching screenshot to ChainTest...
2026-01-20 11:31:04,329 [TestNG-tests-1] INFO com.qa.opencart.utils.ReportsUtil - Taking screenshot in bytes ... 
2026-01-20 11:31:04,460 [TestNG-tests-1] INFO com.qa.opencart.base.Hooks - Quiting the browser ....
2026-01-20 11:31:04,460 [TestNG-tests-1] INFO com.qa.opencart.driverManager.DriverFactory - Quit the browser
2026-01-20 11:31:04,582 [TestNG-tests-1] INFO com.qa.opencart.base.Hooks - Browser: Chrome
2026-01-20 11:31:04,582 [TestNG-tests-1] INFO com.qa.opencart.driverManager.DriverFactory - Initializing the driver
2026-01-20 11:31:04,582 [TestNG-tests-1] INFO com.qa.opencart.driverManager.DriverFactory - Initialize Chrome Browser
2026-01-20 11:31:05,457 [TestNG-tests-1] INFO com.qa.opencart.base.Hooks - EnvType: dev
2026-01-20 11:31:08,652 [TestNG-tests-1] INFO com.qa.opencart.log.TestLogger - UserName is :: palnilava1930@gmail.com
2026-01-20 11:31:08,653 [TestNG-tests-1] INFO com.qa.opencart.log.TestLogger - Password is :: admin
2026-01-20 11:31:09,583 [TestNG-tests-1] INFO com.qa.opencart.log.TestLogger - Actual Header is:: My Account
2026-01-20 11:31:09,635 [TestNG-tests-1] INFO com.qa.opencart.log.TestLogger - Attaching screenshot to ChainTest...
2026-01-20 11:31:09,635 [TestNG-tests-1] INFO com.qa.opencart.utils.ReportsUtil - Taking screenshot in bytes ... 
2026-01-20 11:31:09,758 [TestNG-tests-1] INFO com.qa.opencart.base.Hooks - Quiting the browser ....
2026-01-20 11:31:09,758 [TestNG-tests-1] INFO com.qa.opencart.driverManager.DriverFactory - Quit the browser
2026-01-27 11:40:51,538 [TestNG-tests-1] INFO com.qa.opencart.base.Hooks - Browser: Chrome
2026-01-27 11:40:51,542 [TestNG-tests-1] INFO com.qa.opencart.driverManager.DriverFactory - Initializing the driver
2026-01-27 11:40:51,542 [TestNG-tests-1] INFO com.qa.opencart.driverManager.DriverFactory - Initialize Chrome Browser
2026-01-27 11:40:57,860 [TestNG-tests-1] INFO com.qa.opencart.base.Hooks - EnvType: dev
2026-01-27 11:41:01,344 [TestNG-tests-1] INFO com.qa.opencart.log.TestLogger - Entering userName ...
2026-01-27 11:41:01,480 [TestNG-tests-1] INFO com.qa.opencart.log.TestLogger - UserName Entered Successfully .. userName is :: palnilava1930@gmail.com
2026-01-27 11:41:01,480 [TestNG-tests-1] INFO com.qa.opencart.log.TestLogger - Entering Password ...
2026-01-27 11:41:01,590 [TestNG-tests-1] INFO com.qa.opencart.log.TestLogger - Password Entered Successfully .. userName is :: admin
2026-01-27 11:41:01,590 [TestNG-tests-1] INFO com.qa.opencart.log.TestLogger - Clicking Login button ...
2026-01-27 11:41:01,724 [TestNG-tests-1] INFO com.qa.opencart.log.TestLogger - Clicked on Login button Successfully
2026-01-27 11:41:01,724 [TestNG-tests-1] INFO com.qa.opencart.log.TestLogger - Verifying application logged successfully ... 
2026-01-27 11:41:03,018 [TestNG-tests-1] INFO com.qa.opencart.log.TestLogger - Application logged successfully ... My Account
2026-01-27 11:41:03,020 [TestNG-tests-1] INFO com.qa.opencart.log.TestLogger - Attaching screenshot to ChainTest...
2026-01-27 11:41:03,022 [TestNG-tests-1] INFO com.qa.opencart.utils.ReportsUtil - Taking screenshot in bytes ... 
2026-01-27 11:41:03,181 [TestNG-tests-1] INFO com.qa.opencart.base.Hooks - Quiting the browser ....
2026-01-27 11:41:03,181 [TestNG-tests-1] INFO com.qa.opencart.driverManager.DriverFactory - Quit the browser
2026-01-27 11:43:06,484 [TestNG-tests-1] INFO com.qa.opencart.base.Hooks - Browser: Chrome
2026-01-27 11:43:06,487 [TestNG-tests-1] INFO com.qa.opencart.driverManager.DriverFactory - Initializing the driver
2026-01-27 11:43:06,487 [TestNG-tests-1] INFO com.qa.opencart.driverManager.DriverFactory - Initialize Chrome Browser
2026-01-27 11:43:08,316 [TestNG-tests-1] INFO com.qa.opencart.base.Hooks - EnvType: dev
2026-01-27 11:43:11,894 [TestNG-tests-1] INFO com.qa.opencart.log.TestLogger - Entering userName ...
2026-01-27 11:43:12,032 [TestNG-tests-1] INFO com.qa.opencart.log.TestLogger - UserName Entered Successfully .. userName is :: palnilava1930@gmail.com
2026-01-27 11:43:12,032 [TestNG-tests-1] INFO com.qa.opencart.log.TestLogger - Entering Password ...
2026-01-27 11:43:12,191 [TestNG-tests-1] INFO com.qa.opencart.log.TestLogger - Password Entered Successfully .. userName is :: admin
2026-01-27 11:43:12,192 [TestNG-tests-1] INFO com.qa.opencart.log.TestLogger - Clicking Login button ...
2026-01-27 11:43:12,990 [TestNG-tests-1] INFO com.qa.opencart.log.TestLogger - Clicked on Login button Successfully
2026-01-27 11:43:12,993 [TestNG-tests-1] INFO com.qa.opencart.log.TestLogger - Verifying application logged successfully ... 
2026-01-27 11:43:13,014 [TestNG-tests-1] INFO com.qa.opencart.log.TestLogger - Application logged successfully ... My Account
2026-01-27 11:43:13,017 [TestNG-tests-1] INFO com.qa.opencart.log.TestLogger - Attaching screenshot to ChainTest...
2026-01-27 11:43:13,017 [TestNG-tests-1] INFO com.qa.opencart.utils.ReportsUtil - Taking screenshot in bytes ... 
2026-01-27 11:43:13,174 [TestNG-tests-1] INFO com.qa.opencart.base.Hooks - Quiting the browser ....
2026-01-27 11:43:13,174 [TestNG-tests-1] INFO com.qa.opencart.driverManager.DriverFactory - Quit the browser
2026-01-27 11:43:13,417 [TestNG-tests-1] INFO com.qa.opencart.base.Hooks - Browser: Chrome
2026-01-27 11:43:13,417 [TestNG-tests-1] INFO com.qa.opencart.driverManager.DriverFactory - Initializing the driver
2026-01-27 11:43:13,417 [TestNG-tests-1] INFO com.qa.opencart.driverManager.DriverFactory - Initialize Chrome Browser
2026-01-27 11:43:14,615 [TestNG-tests-1] INFO com.qa.opencart.base.Hooks - EnvType: dev
2026-01-27 11:43:17,394 [TestNG-tests-1] INFO com.qa.opencart.log.TestLogger - Entering userName ...
2026-01-27 11:43:17,523 [TestNG-tests-1] INFO com.qa.opencart.log.TestLogger - UserName Entered Successfully .. userName is :: palnilava1930@gmail.com
2026-01-27 11:43:17,526 [TestNG-tests-1] INFO com.qa.opencart.log.TestLogger - Entering Password ...
2026-01-27 11:43:17,660 [TestNG-tests-1] INFO com.qa.opencart.log.TestLogger - Password Entered Successfully .. userName is :: Tester@01
2026-01-27 11:43:17,661 [TestNG-tests-1] INFO com.qa.opencart.log.TestLogger - Clicking Login button ...
2026-01-27 11:43:17,775 [TestNG-tests-1] INFO com.qa.opencart.log.TestLogger - Clicked on Login button Successfully
2026-01-27 11:43:17,777 [TestNG-tests-1] INFO com.qa.opencart.log.TestLogger - Verifying Alert message if password is wrong
2026-01-27 11:43:17,813 [TestNG-tests-1] INFO com.qa.opencart.log.TestLogger - Attaching screenshot to ChainTest...
2026-01-27 11:43:17,813 [TestNG-tests-1] INFO com.qa.opencart.utils.ReportsUtil - Taking screenshot in bytes ... 
2026-01-27 11:43:18,546 [TestNG-tests-1] INFO com.qa.opencart.base.Hooks - Quiting the browser ....
2026-01-27 11:43:18,546 [TestNG-tests-1] INFO com.qa.opencart.driverManager.DriverFactory - Quit the browser
2026-01-27 11:43:18,772 [TestNG-tests-1] INFO com.qa.opencart.base.Hooks - Browser: Chrome
2026-01-27 11:43:18,772 [TestNG-tests-1] INFO com.qa.opencart.driverManager.DriverFactory - Initializing the driver
2026-01-27 11:43:18,772 [TestNG-tests-1] INFO com.qa.opencart.driverManager.DriverFactory - Initialize Chrome Browser
2026-01-27 11:43:19,920 [TestNG-tests-1] INFO com.qa.opencart.base.Hooks - EnvType: dev
2026-01-27 11:43:22,969 [TestNG-tests-1] INFO com.qa.opencart.log.TestLogger - Entering userName ...
2026-01-27 11:43:23,082 [TestNG-tests-1] INFO com.qa.opencart.log.TestLogger - UserName Entered Successfully .. userName is :: palnilava@gmail.com
2026-01-27 11:43:23,083 [TestNG-tests-1] INFO com.qa.opencart.log.TestLogger - Entering Password ...
2026-01-27 11:43:23,175 [TestNG-tests-1] INFO com.qa.opencart.log.TestLogger - Password Entered Successfully .. userName is :: admin
2026-01-27 11:43:23,177 [TestNG-tests-1] INFO com.qa.opencart.log.TestLogger - Clicking Login button ...
2026-01-27 11:43:23,776 [TestNG-tests-1] INFO com.qa.opencart.log.TestLogger - Clicked on Login button Successfully
2026-01-27 11:43:23,776 [TestNG-tests-1] INFO com.qa.opencart.log.TestLogger - Verifying Alert message if password is wrong
2026-01-27 11:43:23,846 [TestNG-tests-1] INFO com.qa.opencart.log.TestLogger - Successfully Verifying alert message if password is wrong ... Warning: No match for E-Mail Address and/or Password.
2026-01-27 11:43:23,846 [TestNG-tests-1] INFO com.qa.opencart.log.TestLogger - Attaching screenshot to ChainTest...
2026-01-27 11:43:23,846 [TestNG-tests-1] INFO com.qa.opencart.utils.ReportsUtil - Taking screenshot in bytes ... 
2026-01-27 11:43:23,997 [TestNG-tests-1] INFO com.qa.opencart.base.Hooks - Quiting the browser ....
2026-01-27 11:43:23,997 [TestNG-tests-1] INFO com.qa.opencart.driverManager.DriverFactory - Quit the browser
2026-01-27 11:43:24,219 [TestNG-tests-1] INFO com.qa.opencart.base.Hooks - Browser: Chrome
2026-01-27 11:43:24,219 [TestNG-tests-1] INFO com.qa.opencart.driverManager.DriverFactory - Initializing the driver
2026-01-27 11:43:24,219 [TestNG-tests-1] INFO com.qa.opencart.driverManager.DriverFactory - Initialize Chrome Browser
2026-01-27 11:43:25,356 [TestNG-tests-1] INFO com.qa.opencart.base.Hooks - EnvType: dev
2026-01-27 11:43:29,017 [TestNG-tests-1] INFO com.qa.opencart.log.TestLogger - Entering userName ...
2026-01-27 11:43:29,238 [TestNG-tests-1] INFO com.qa.opencart.log.TestLogger - UserName Entered Successfully .. userName is :: palnilava@gmail.com
2026-01-27 11:43:29,240 [TestNG-tests-1] INFO com.qa.opencart.log.TestLogger - Entering Password ...
2026-01-27 11:43:29,424 [TestNG-tests-1] INFO com.qa.opencart.log.TestLogger - Password Entered Successfully .. userName is :: Tester@01
2026-01-27 11:43:29,425 [TestNG-tests-1] INFO com.qa.opencart.log.TestLogger - Clicking Login button ...
2026-01-27 11:43:29,551 [TestNG-tests-1] INFO com.qa.opencart.log.TestLogger - Clicked on Login button Successfully
2026-01-27 11:43:29,555 [TestNG-tests-1] INFO com.qa.opencart.log.TestLogger - Verifying Alert message if password is wrong
2026-01-27 11:43:29,917 [TestNG-tests-1] INFO com.qa.opencart.log.TestLogger - Attaching screenshot to ChainTest...
2026-01-27 11:43:29,917 [TestNG-tests-1] INFO com.qa.opencart.utils.ReportsUtil - Taking screenshot in bytes ... 
2026-01-27 11:43:30,100 [TestNG-tests-1] INFO com.qa.opencart.base.Hooks - Quiting the browser ....
2026-01-27 11:43:30,100 [TestNG-tests-1] INFO com.qa.opencart.driverManager.DriverFactory - Quit the browser
2026-01-27 11:43:30,386 [TestNG-tests-1] INFO com.qa.opencart.base.Hooks - Browser: Chrome
2026-01-27 11:43:30,386 [TestNG-tests-1] INFO com.qa.opencart.driverManager.DriverFactory - Initializing the driver
2026-01-27 11:43:30,386 [TestNG-tests-1] INFO com.qa.opencart.driverManager.DriverFactory - Initialize Chrome Browser
2026-01-27 11:43:31,512 [TestNG-tests-1] INFO com.qa.opencart.base.Hooks - EnvType: dev
2026-01-27 11:43:34,354 [TestNG-tests-1] INFO com.qa.opencart.log.TestLogger - Entering userName ...
2026-01-27 11:43:34,451 [TestNG-tests-1] INFO com.qa.opencart.log.TestLogger - UserName Entered Successfully .. userName is :: 
2026-01-27 11:43:34,451 [TestNG-tests-1] INFO com.qa.opencart.log.TestLogger - Entering Password ...
2026-01-27 11:43:34,538 [TestNG-tests-1] INFO com.qa.opencart.log.TestLogger - Password Entered Successfully .. userName is :: 
2026-01-27 11:43:34,538 [TestNG-tests-1] INFO com.qa.opencart.log.TestLogger - Clicking Login button ...
2026-01-27 11:43:34,648 [TestNG-tests-1] INFO com.qa.opencart.log.TestLogger - Clicked on Login button Successfully
2026-01-27 11:43:34,648 [TestNG-tests-1] INFO com.qa.opencart.log.TestLogger - Verifying Alert message if password is wrong
2026-01-27 11:43:35,084 [TestNG-tests-1] INFO com.qa.opencart.log.TestLogger - Attaching screenshot to ChainTest...
2026-01-27 11:43:35,085 [TestNG-tests-1] INFO com.qa.opencart.utils.ReportsUtil - Taking screenshot in bytes ... 
2026-01-27 11:43:35,232 [TestNG-tests-1] INFO com.qa.opencart.base.Hooks - Quiting the browser ....
2026-01-27 11:43:35,232 [TestNG-tests-1] INFO com.qa.opencart.driverManager.DriverFactory - Quit the browser
2026-01-27 11:43:35,449 [TestNG-tests-1] INFO com.qa.opencart.base.Hooks - Browser: Chrome
2026-01-27 11:43:35,449 [TestNG-tests-1] INFO com.qa.opencart.driverManager.DriverFactory - Initializing the driver
2026-01-27 11:43:35,449 [TestNG-tests-1] INFO com.qa.opencart.driverManager.DriverFactory - Initialize Chrome Browser
2026-01-27 11:43:36,790 [TestNG-tests-1] INFO com.qa.opencart.base.Hooks - EnvType: dev
2026-01-27 11:43:40,349 [TestNG-tests-1] INFO com.qa.opencart.log.TestLogger - Entering userName ...
2026-01-27 11:43:40,407 [TestNG-tests-1] INFO com.qa.opencart.log.TestLogger - UserName Entered Successfully .. userName is :: 
2026-01-27 11:43:40,418 [TestNG-tests-1] INFO com.qa.opencart.log.TestLogger - Entering Password ...
2026-01-27 11:43:40,513 [TestNG-tests-1] INFO com.qa.opencart.log.TestLogger - Password Entered Successfully .. userName is :: admin
2026-01-27 11:43:40,515 [TestNG-tests-1] INFO com.qa.opencart.log.TestLogger - Clicking Login button ...
2026-01-27 11:43:40,621 [TestNG-tests-1] INFO com.qa.opencart.log.TestLogger - Clicked on Login button Successfully
2026-01-27 11:43:40,622 [TestNG-tests-1] INFO com.qa.opencart.log.TestLogger - Verifying Alert message if password is wrong
2026-01-27 11:43:41,061 [TestNG-tests-1] INFO com.qa.opencart.log.TestLogger - Attaching screenshot to ChainTest...
2026-01-27 11:43:41,061 [TestNG-tests-1] INFO com.qa.opencart.utils.ReportsUtil - Taking screenshot in bytes ... 
2026-01-27 11:43:41,205 [TestNG-tests-1] INFO com.qa.opencart.base.Hooks - Quiting the browser ....
2026-01-27 11:43:41,205 [TestNG-tests-1] INFO com.qa.opencart.driverManager.DriverFactory - Quit the browser
2026-01-27 11:43:41,466 [TestNG-tests-1] INFO com.qa.opencart.base.Hooks - Browser: Chrome
2026-01-27 11:43:41,466 [TestNG-tests-1] INFO com.qa.opencart.driverManager.DriverFactory - Initializing the driver
2026-01-27 11:43:41,466 [TestNG-tests-1] INFO com.qa.opencart.driverManager.DriverFactory - Initialize Chrome Browser
2026-01-27 11:43:42,570 [TestNG-tests-1] INFO com.qa.opencart.base.Hooks - EnvType: dev
2026-01-27 11:43:46,290 [TestNG-tests-1] INFO com.qa.opencart.log.TestLogger - Entering userName ...
2026-01-27 11:43:46,421 [TestNG-tests-1] INFO com.qa.opencart.log.TestLogger - UserName Entered Successfully .. userName is :: palnilava1930@gmail.com
2026-01-27 11:43:46,421 [TestNG-tests-1] INFO com.qa.opencart.log.TestLogger - Entering Password ...
2026-01-27 11:43:46,553 [TestNG-tests-1] INFO com.qa.opencart.log.TestLogger - Password Entered Successfully .. userName is :: 
2026-01-27 11:43:46,554 [TestNG-tests-1] INFO com.qa.opencart.log.TestLogger - Clicking Login button ...
2026-01-27 11:43:46,671 [TestNG-tests-1] INFO com.qa.opencart.log.TestLogger - Clicked on Login button Successfully
2026-01-27 11:43:46,671 [TestNG-tests-1] INFO com.qa.opencart.log.TestLogger - Verifying Alert message if password is wrong
2026-01-27 11:43:47,097 [TestNG-tests-1] INFO com.qa.opencart.log.TestLogger - Successfully Verifying alert message if password is wrong ... Warning: No match for E-Mail Address and/or Password.
2026-01-27 11:43:47,099 [TestNG-tests-1] INFO com.qa.opencart.log.TestLogger - Attaching screenshot to ChainTest...
2026-01-27 11:43:47,099 [TestNG-tests-1] INFO com.qa.opencart.utils.ReportsUtil - Taking screenshot in bytes ... 
2026-01-27 11:43:47,245 [TestNG-tests-1] INFO com.qa.opencart.base.Hooks - Quiting the browser ....
2026-01-27 11:43:47,245 [TestNG-tests-1] INFO com.qa.opencart.driverManager.DriverFactory - Quit the browser
2026-01-27 11:44:57,883 [TestNG-tests-1] INFO com.qa.opencart.base.Hooks - Browser: Chrome
2026-01-27 11:44:57,885 [TestNG-tests-1] INFO com.qa.opencart.driverManager.DriverFactory - Initializing the driver
2026-01-27 11:44:57,885 [TestNG-tests-1] INFO com.qa.opencart.driverManager.DriverFactory - Initialize Chrome Browser
2026-01-27 11:44:59,565 [TestNG-tests-1] INFO com.qa.opencart.base.Hooks - EnvType: dev
2026-01-27 11:45:03,413 [TestNG-tests-1] INFO com.qa.opencart.log.TestLogger - UserName is :: palnilava1930@gmail.com
2026-01-27 11:45:03,413 [TestNG-tests-1] INFO com.qa.opencart.log.TestLogger - Password is :: admin
2026-01-27 11:45:05,794 [TestNG-tests-1] INFO com.qa.opencart.log.TestLogger - Attaching screenshot to ChainTest...
2026-01-27 11:45:05,795 [TestNG-tests-1] INFO com.qa.opencart.utils.ReportsUtil - Taking screenshot in bytes ... 
2026-01-27 11:45:05,953 [TestNG-tests-1] INFO com.qa.opencart.base.Hooks - Quiting the browser ....
2026-01-27 11:45:05,953 [TestNG-tests-1] INFO com.qa.opencart.driverManager.DriverFactory - Quit the browser
2026-01-27 11:45:06,185 [TestNG-tests-1] INFO com.qa.opencart.base.Hooks - Browser: Chrome
2026-01-27 11:45:06,185 [TestNG-tests-1] INFO com.qa.opencart.driverManager.DriverFactory - Initializing the driver
2026-01-27 11:45:06,185 [TestNG-tests-1] INFO com.qa.opencart.driverManager.DriverFactory - Initialize Chrome Browser
2026-01-27 11:45:07,271 [TestNG-tests-1] INFO com.qa.opencart.base.Hooks - EnvType: dev
2026-01-27 11:45:11,099 [TestNG-tests-1] INFO com.qa.opencart.log.TestLogger - Entering userName ...
2026-01-27 11:45:11,226 [TestNG-tests-1] INFO com.qa.opencart.log.TestLogger - UserName Entered Successfully .. userName is :: palnilava1930@gmail.com
2026-01-27 11:45:11,226 [TestNG-tests-1] INFO com.qa.opencart.log.TestLogger - Entering Password ...
2026-01-27 11:45:11,324 [TestNG-tests-1] INFO com.qa.opencart.log.TestLogger - Password Entered Successfully .. userName is :: admin
2026-01-27 11:45:11,324 [TestNG-tests-1] INFO com.qa.opencart.log.TestLogger - Clicking Login button ...
2026-01-27 11:45:12,335 [TestNG-tests-1] INFO com.qa.opencart.log.TestLogger - Clicked on Login button Successfully
2026-01-27 11:45:12,337 [TestNG-tests-1] INFO com.qa.opencart.log.TestLogger - Verifying application logged successfully ... 
2026-01-27 11:45:12,362 [TestNG-tests-1] INFO com.qa.opencart.log.TestLogger - Application logged successfully ... My Account
2026-01-27 11:45:12,363 [TestNG-tests-1] INFO com.qa.opencart.log.TestLogger - Attaching screenshot to ChainTest...
2026-01-27 11:45:12,364 [TestNG-tests-1] INFO com.qa.opencart.utils.ReportsUtil - Taking screenshot in bytes ... 
2026-01-27 11:45:12,512 [TestNG-tests-1] INFO com.qa.opencart.base.Hooks - Quiting the browser ....
2026-01-27 11:45:12,512 [TestNG-tests-1] INFO com.qa.opencart.driverManager.DriverFactory - Quit the browser
2026-01-27 11:45:12,739 [TestNG-tests-1] INFO com.qa.opencart.base.Hooks - Browser: Chrome
2026-01-27 11:45:12,740 [TestNG-tests-1] INFO com.qa.opencart.driverManager.DriverFactory - Initializing the driver
2026-01-27 11:45:12,740 [TestNG-tests-1] INFO com.qa.opencart.driverManager.DriverFactory - Initialize Chrome Browser
2026-01-27 11:45:13,826 [TestNG-tests-1] INFO com.qa.opencart.base.Hooks - EnvType: dev
2026-01-27 11:45:16,774 [TestNG-tests-1] INFO com.qa.opencart.log.TestLogger - Entering userName ...
2026-01-27 11:45:16,898 [TestNG-tests-1] INFO com.qa.opencart.log.TestLogger - UserName Entered Successfully .. userName is :: palnilava1930@gmail.com
2026-01-27 11:45:16,900 [TestNG-tests-1] INFO com.qa.opencart.log.TestLogger - Entering Password ...
2026-01-27 11:45:16,998 [TestNG-tests-1] INFO com.qa.opencart.log.TestLogger - Password Entered Successfully .. userName is :: Tester@01
2026-01-27 11:45:16,998 [TestNG-tests-1] INFO com.qa.opencart.log.TestLogger - Clicking Login button ...
2026-01-27 11:45:17,110 [TestNG-tests-1] INFO com.qa.opencart.log.TestLogger - Clicked on Login button Successfully
2026-01-27 11:45:17,110 [TestNG-tests-1] INFO com.qa.opencart.log.TestLogger - Verifying Alert message if password is wrong
2026-01-27 11:45:17,500 [TestNG-tests-1] INFO com.qa.opencart.log.TestLogger - Attaching screenshot to ChainTest...
2026-01-27 11:45:17,506 [TestNG-tests-1] INFO com.qa.opencart.utils.ReportsUtil - Taking screenshot in bytes ... 
2026-01-27 11:45:17,642 [TestNG-tests-1] INFO com.qa.opencart.base.Hooks - Quiting the browser ....
2026-01-27 11:45:17,642 [TestNG-tests-1] INFO com.qa.opencart.driverManager.DriverFactory - Quit the browser
2026-01-27 11:45:17,884 [TestNG-tests-1] INFO com.qa.opencart.base.Hooks - Browser: Chrome
2026-01-27 11:45:17,884 [TestNG-tests-1] INFO com.qa.opencart.driverManager.DriverFactory - Initializing the driver
2026-01-27 11:45:17,884 [TestNG-tests-1] INFO com.qa.opencart.driverManager.DriverFactory - Initialize Chrome Browser
2026-01-27 11:45:18,976 [TestNG-tests-1] INFO com.qa.opencart.base.Hooks - EnvType: dev
2026-01-27 11:45:23,529 [TestNG-tests-1] INFO com.qa.opencart.log.TestLogger - Entering userName ...
2026-01-27 11:45:23,646 [TestNG-tests-1] INFO com.qa.opencart.log.TestLogger - UserName Entered Successfully .. userName is :: palnilava@gmail.com
2026-01-27 11:45:23,647 [TestNG-tests-1] INFO com.qa.opencart.log.TestLogger - Entering Password ...
2026-01-27 11:45:23,744 [TestNG-tests-1] INFO com.qa.opencart.log.TestLogger - Password Entered Successfully .. userName is :: admin
2026-01-27 11:45:23,752 [TestNG-tests-1] INFO com.qa.opencart.log.TestLogger - Clicking Login button ...
2026-01-27 11:45:24,188 [TestNG-tests-1] INFO com.qa.opencart.log.TestLogger - Clicked on Login button Successfully
2026-01-27 11:45:24,189 [TestNG-tests-1] INFO com.qa.opencart.log.TestLogger - Verifying Alert message if password is wrong
2026-01-27 11:45:24,251 [TestNG-tests-1] INFO com.qa.opencart.log.TestLogger - Successfully Verifying alert message if password is wrong ... Warning: Your account has exceeded allowed number of login attempts. Please try again in 1 hour.
2026-01-27 11:45:24,253 [TestNG-tests-1] INFO com.qa.opencart.log.TestLogger - Attaching screenshot to ChainTest...
2026-01-27 11:45:24,253 [TestNG-tests-1] INFO com.qa.opencart.utils.ReportsUtil - Taking screenshot in bytes ... 
2026-01-27 11:45:24,412 [TestNG-tests-1] INFO com.qa.opencart.base.Hooks - Quiting the browser ....
2026-01-27 11:45:24,412 [TestNG-tests-1] INFO com.qa.opencart.driverManager.DriverFactory - Quit the browser
2026-01-27 11:45:24,631 [TestNG-tests-1] INFO com.qa.opencart.base.Hooks - Browser: Chrome
2026-01-27 11:45:24,631 [TestNG-tests-1] INFO com.qa.opencart.driverManager.DriverFactory - Initializing the driver
2026-01-27 11:45:24,631 [TestNG-tests-1] INFO com.qa.opencart.driverManager.DriverFactory - Initialize Chrome Browser
2026-01-27 11:45:25,715 [TestNG-tests-1] INFO com.qa.opencart.base.Hooks - EnvType: dev
2026-01-27 11:45:28,709 [TestNG-tests-1] INFO com.qa.opencart.log.TestLogger - Entering userName ...
2026-01-27 11:45:28,828 [TestNG-tests-1] INFO com.qa.opencart.log.TestLogger - UserName Entered Successfully .. userName is :: palnilava@gmail.com
2026-01-27 11:45:28,829 [TestNG-tests-1] INFO com.qa.opencart.log.TestLogger - Entering Password ...
2026-01-27 11:45:28,948 [TestNG-tests-1] INFO com.qa.opencart.log.TestLogger - Password Entered Successfully .. userName is :: Tester@01
2026-01-27 11:45:28,948 [TestNG-tests-1] INFO com.qa.opencart.log.TestLogger - Clicking Login button ...
2026-01-27 11:45:29,048 [TestNG-tests-1] INFO com.qa.opencart.log.TestLogger - Clicked on Login button Successfully
2026-01-27 11:45:29,053 [TestNG-tests-1] INFO com.qa.opencart.log.TestLogger - Verifying Alert message if password is wrong
2026-01-27 11:45:29,456 [TestNG-tests-1] INFO com.qa.opencart.log.TestLogger - Successfully Verifying alert message if password is wrong ... Warning: Your account has exceeded allowed number of login attempts. Please try again in 1 hour.
2026-01-27 11:45:29,457 [TestNG-tests-1] INFO com.qa.opencart.log.TestLogger - Attaching screenshot to ChainTest...
2026-01-27 11:45:29,457 [TestNG-tests-1] INFO com.qa.opencart.utils.ReportsUtil - Taking screenshot in bytes ... 
2026-01-27 11:45:29,597 [TestNG-tests-1] INFO com.qa.opencart.base.Hooks - Quiting the browser ....
2026-01-27 11:45:29,597 [TestNG-tests-1] INFO com.qa.opencart.driverManager.DriverFactory - Quit the browser
2026-01-27 11:45:29,811 [TestNG-tests-1] INFO com.qa.opencart.base.Hooks - Browser: Chrome
2026-01-27 11:45:29,811 [TestNG-tests-1] INFO com.qa.opencart.driverManager.DriverFactory - Initializing the driver
2026-01-27 11:45:29,811 [TestNG-tests-1] INFO com.qa.opencart.driverManager.DriverFactory - Initialize Chrome Browser
2026-01-27 11:45:30,916 [TestNG-tests-1] INFO com.qa.opencart.base.Hooks - EnvType: dev
2026-01-27 11:45:33,838 [TestNG-tests-1] INFO com.qa.opencart.log.TestLogger - Entering userName ...
2026-01-27 11:45:33,908 [TestNG-tests-1] INFO com.qa.opencart.log.TestLogger - UserName Entered Successfully .. userName is :: 
2026-01-27 11:45:33,908 [TestNG-tests-1] INFO com.qa.opencart.log.TestLogger - Entering Password ...
2026-01-27 11:45:34,002 [TestNG-tests-1] INFO com.qa.opencart.log.TestLogger - Password Entered Successfully .. userName is :: 
2026-01-27 11:45:34,003 [TestNG-tests-1] INFO com.qa.opencart.log.TestLogger - Clicking Login button ...
2026-01-27 11:45:34,112 [TestNG-tests-1] INFO com.qa.opencart.log.TestLogger - Clicked on Login button Successfully
2026-01-27 11:45:34,112 [TestNG-tests-1] INFO com.qa.opencart.log.TestLogger - Verifying Alert message if password is wrong
2026-01-27 11:45:34,480 [TestNG-tests-1] INFO com.qa.opencart.log.TestLogger - Successfully Verifying alert message if password is wrong ... Warning: Your account has exceeded allowed number of login attempts. Please try again in 1 hour.
2026-01-27 11:45:34,482 [TestNG-tests-1] INFO com.qa.opencart.log.TestLogger - Attaching screenshot to ChainTest...
2026-01-27 11:45:34,482 [TestNG-tests-1] INFO com.qa.opencart.utils.ReportsUtil - Taking screenshot in bytes ... 
2026-01-27 11:45:34,603 [TestNG-tests-1] INFO com.qa.opencart.base.Hooks - Quiting the browser ....
2026-01-27 11:45:34,603 [TestNG-tests-1] INFO com.qa.opencart.driverManager.DriverFactory - Quit the browser
2026-01-27 11:45:34,825 [TestNG-tests-1] INFO com.qa.opencart.base.Hooks - Browser: Chrome
2026-01-27 11:45:34,825 [TestNG-tests-1] INFO com.qa.opencart.driverManager.DriverFactory - Initializing the driver
2026-01-27 11:45:34,825 [TestNG-tests-1] INFO com.qa.opencart.driverManager.DriverFactory - Initialize Chrome Browser
2026-01-27 11:45:35,878 [TestNG-tests-1] INFO com.qa.opencart.base.Hooks - EnvType: dev
2026-01-27 11:45:39,883 [TestNG-tests-1] INFO com.qa.opencart.log.TestLogger - Entering userName ...
2026-01-27 11:45:39,970 [TestNG-tests-1] INFO com.qa.opencart.log.TestLogger - UserName Entered Successfully .. userName is :: 
2026-01-27 11:45:39,970 [TestNG-tests-1] INFO com.qa.opencart.log.TestLogger - Entering Password ...
2026-01-27 11:45:40,052 [TestNG-tests-1] INFO com.qa.opencart.log.TestLogger - Password Entered Successfully .. userName is :: admin
2026-01-27 11:45:40,052 [TestNG-tests-1] INFO com.qa.opencart.log.TestLogger - Clicking Login button ...
2026-01-27 11:45:40,164 [TestNG-tests-1] INFO com.qa.opencart.log.TestLogger - Clicked on Login button Successfully
2026-01-27 11:45:40,165 [TestNG-tests-1] INFO com.qa.opencart.log.TestLogger - Verifying Alert message if password is wrong
2026-01-27 11:45:40,604 [TestNG-tests-1] INFO com.qa.opencart.log.TestLogger - Attaching screenshot to ChainTest...
2026-01-27 11:45:40,604 [TestNG-tests-1] INFO com.qa.opencart.utils.ReportsUtil - Taking screenshot in bytes ... 
2026-01-27 11:45:40,734 [TestNG-tests-1] INFO com.qa.opencart.base.Hooks - Quiting the browser ....
2026-01-27 11:45:40,734 [TestNG-tests-1] INFO com.qa.opencart.driverManager.DriverFactory - Quit the browser
2026-01-27 11:45:40,962 [TestNG-tests-1] INFO com.qa.opencart.base.Hooks - Browser: Chrome
2026-01-27 11:45:40,962 [TestNG-tests-1] INFO com.qa.opencart.driverManager.DriverFactory - Initializing the driver
2026-01-27 11:45:40,962 [TestNG-tests-1] INFO com.qa.opencart.driverManager.DriverFactory - Initialize Chrome Browser
2026-01-27 11:45:42,043 [TestNG-tests-1] INFO com.qa.opencart.base.Hooks - EnvType: dev
2026-01-27 11:45:45,121 [TestNG-tests-1] INFO com.qa.opencart.log.TestLogger - Entering userName ...
2026-01-27 11:45:45,252 [TestNG-tests-1] INFO com.qa.opencart.log.TestLogger - UserName Entered Successfully .. userName is :: palnilava1930@gmail.com
2026-01-27 11:45:45,253 [TestNG-tests-1] INFO com.qa.opencart.log.TestLogger - Entering Password ...
2026-01-27 11:45:45,334 [TestNG-tests-1] INFO com.qa.opencart.log.TestLogger - Password Entered Successfully .. userName is :: 
2026-01-27 11:45:45,337 [TestNG-tests-1] INFO com.qa.opencart.log.TestLogger - Clicking Login button ...
2026-01-27 11:45:45,465 [TestNG-tests-1] INFO com.qa.opencart.log.TestLogger - Clicked on Login button Successfully
2026-01-27 11:45:45,467 [TestNG-tests-1] INFO com.qa.opencart.log.TestLogger - Verifying Alert message if password is wrong
2026-01-27 11:45:45,923 [TestNG-tests-1] INFO com.qa.opencart.log.TestLogger - Successfully Verifying alert message if password is wrong ... Warning: No match for E-Mail Address and/or Password.
2026-01-27 11:45:45,924 [TestNG-tests-1] INFO com.qa.opencart.log.TestLogger - Attaching screenshot to ChainTest...
2026-01-27 11:45:45,924 [TestNG-tests-1] INFO com.qa.opencart.utils.ReportsUtil - Taking screenshot in bytes ... 
2026-01-27 11:45:46,070 [TestNG-tests-1] INFO com.qa.opencart.base.Hooks - Quiting the browser ....
2026-01-27 11:45:46,073 [TestNG-tests-1] INFO com.qa.opencart.driverManager.DriverFactory - Quit the browser
2026-01-27 12:21:32,553 [main] INFO com.qa.opencart.base.Hooks - Browser: Chrome
2026-01-27 12:21:32,557 [main] INFO com.qa.opencart.driverManager.DriverFactory - Initializing the driver
2026-01-27 12:21:32,557 [main] INFO com.qa.opencart.driverManager.DriverFactory - Initialize Chrome Browser
2026-01-27 12:21:34,301 [main] INFO com.qa.opencart.base.Hooks - EnvType: dev
2026-01-27 12:21:38,154 [main] INFO com.qa.opencart.log.TestLogger - UserName is :: palnilava1930@gmail.com
2026-01-27 12:21:38,154 [main] INFO com.qa.opencart.log.TestLogger - Password is :: admin
2026-01-27 12:21:39,182 [main] INFO com.qa.opencart.log.TestLogger - Attaching screenshot to ChainTest...
2026-01-27 12:21:39,183 [main] INFO com.qa.opencart.utils.ReportsUtil - Taking screenshot in bytes ... 
2026-01-27 12:21:39,337 [main] INFO com.qa.opencart.base.Hooks - Quiting the browser ....
2026-01-27 12:21:39,337 [main] INFO com.qa.opencart.driverManager.DriverFactory - Quit the browser
2026-01-27 12:21:39,582 [main] INFO com.qa.opencart.base.Hooks - Browser: Chrome
2026-01-27 12:21:39,583 [main] INFO com.qa.opencart.driverManager.DriverFactory - Initializing the driver
2026-01-27 12:21:39,583 [main] INFO com.qa.opencart.driverManager.DriverFactory - Initialize Chrome Browser
2026-01-27 12:21:40,828 [main] INFO com.qa.opencart.base.Hooks - EnvType: dev
2026-01-27 12:21:43,651 [main] INFO com.qa.opencart.log.TestLogger - Entering userName ...
2026-01-27 12:21:43,801 [main] INFO com.qa.opencart.log.TestLogger - UserName Entered Successfully .. userName is :: palnilava1930@gmail.com
2026-01-27 12:21:43,801 [main] INFO com.qa.opencart.log.TestLogger - Entering Password ...
2026-01-27 12:21:43,892 [main] INFO com.qa.opencart.log.TestLogger - Password Entered Successfully .. userName is :: admin
2026-01-27 12:21:43,892 [main] INFO com.qa.opencart.log.TestLogger - Clicking Login button ...
2026-01-27 12:21:44,611 [main] INFO com.qa.opencart.log.TestLogger - Clicked on Login button Successfully
2026-01-27 12:21:44,612 [main] INFO com.qa.opencart.log.TestLogger - Verifying application logged successfully ... 
2026-01-27 12:21:44,640 [main] INFO com.qa.opencart.log.TestLogger - Application logged successfully ... My Account
2026-01-27 12:21:44,641 [main] INFO com.qa.opencart.log.TestLogger - Attaching screenshot to ChainTest...
2026-01-27 12:21:44,641 [main] INFO com.qa.opencart.utils.ReportsUtil - Taking screenshot in bytes ... 
2026-01-27 12:21:44,794 [main] INFO com.qa.opencart.base.Hooks - Quiting the browser ....
2026-01-27 12:21:44,794 [main] INFO com.qa.opencart.driverManager.DriverFactory - Quit the browser
2026-01-27 12:21:45,021 [main] INFO com.qa.opencart.base.Hooks - Browser: Chrome
2026-01-27 12:21:45,021 [main] INFO com.qa.opencart.driverManager.DriverFactory - Initializing the driver
2026-01-27 12:21:45,021 [main] INFO com.qa.opencart.driverManager.DriverFactory - Initialize Chrome Browser
2026-01-27 12:21:46,069 [main] INFO com.qa.opencart.base.Hooks - EnvType: dev
2026-01-27 12:21:48,955 [main] INFO com.qa.opencart.log.TestLogger - Entering userName ...
2026-01-27 12:21:49,077 [main] INFO com.qa.opencart.log.TestLogger - UserName Entered Successfully .. userName is :: palnilava1930@gmail.com
2026-01-27 12:21:49,077 [main] INFO com.qa.opencart.log.TestLogger - Entering Password ...
2026-01-27 12:21:49,179 [main] INFO com.qa.opencart.log.TestLogger - Password Entered Successfully .. userName is :: Tester@01
2026-01-27 12:21:49,179 [main] INFO com.qa.opencart.log.TestLogger - Clicking Login button ...
2026-01-27 12:21:49,283 [main] INFO com.qa.opencart.log.TestLogger - Clicked on Login button Successfully
2026-01-27 12:21:49,283 [main] INFO com.qa.opencart.log.TestLogger - Verifying Alert message if password is wrong
2026-01-27 12:21:49,684 [main] INFO com.qa.opencart.log.TestLogger - Successfully Verifying alert message if password is wrong ... Warning: No match for E-Mail Address and/or Password.
2026-01-27 12:21:49,685 [main] INFO com.qa.opencart.log.TestLogger - Attaching screenshot to ChainTest...
2026-01-27 12:21:49,685 [main] INFO com.qa.opencart.utils.ReportsUtil - Taking screenshot in bytes ... 
2026-01-27 12:21:49,843 [main] INFO com.qa.opencart.base.Hooks - Quiting the browser ....
2026-01-27 12:21:49,843 [main] INFO com.qa.opencart.driverManager.DriverFactory - Quit the browser
2026-01-27 12:21:50,104 [main] INFO com.qa.opencart.base.Hooks - Browser: Chrome
2026-01-27 12:21:50,104 [main] INFO com.qa.opencart.driverManager.DriverFactory - Initializing the driver
2026-01-27 12:21:50,104 [main] INFO com.qa.opencart.driverManager.DriverFactory - Initialize Chrome Browser
2026-01-27 12:21:51,159 [main] INFO com.qa.opencart.base.Hooks - EnvType: dev
2026-01-27 12:21:55,115 [main] INFO com.qa.opencart.log.TestLogger - Entering userName ...
2026-01-27 12:21:55,233 [main] INFO com.qa.opencart.log.TestLogger - UserName Entered Successfully .. userName is :: palnilava@gmail.com
2026-01-27 12:21:55,233 [main] INFO com.qa.opencart.log.TestLogger - Entering Password ...
2026-01-27 12:21:55,328 [main] INFO com.qa.opencart.log.TestLogger - Password Entered Successfully .. userName is :: admin
2026-01-27 12:21:55,329 [main] INFO com.qa.opencart.log.TestLogger - Clicking Login button ...
2026-01-27 12:21:55,737 [main] INFO com.qa.opencart.log.TestLogger - Clicked on Login button Successfully
2026-01-27 12:21:55,740 [main] INFO com.qa.opencart.log.TestLogger - Verifying Alert message if password is wrong
2026-01-27 12:21:55,805 [main] INFO com.qa.opencart.log.TestLogger - Successfully Verifying alert message if password is wrong ... Warning: Your account has exceeded allowed number of login attempts. Please try again in 1 hour.
2026-01-27 12:21:55,806 [main] INFO com.qa.opencart.log.TestLogger - Attaching screenshot to ChainTest...
2026-01-27 12:21:55,806 [main] INFO com.qa.opencart.utils.ReportsUtil - Taking screenshot in bytes ... 
2026-01-27 12:21:55,941 [main] INFO com.qa.opencart.base.Hooks - Quiting the browser ....
2026-01-27 12:21:55,941 [main] INFO com.qa.opencart.driverManager.DriverFactory - Quit the browser
2026-01-27 12:21:56,168 [main] INFO com.qa.opencart.base.Hooks - Browser: Chrome
2026-01-27 12:21:56,168 [main] INFO com.qa.opencart.driverManager.DriverFactory - Initializing the driver
2026-01-27 12:21:56,168 [main] INFO com.qa.opencart.driverManager.DriverFactory - Initialize Chrome Browser
2026-01-27 12:21:57,231 [main] INFO com.qa.opencart.base.Hooks - EnvType: dev
2026-01-27 12:22:00,078 [main] INFO com.qa.opencart.log.TestLogger - Entering userName ...
2026-01-27 12:22:00,207 [main] INFO com.qa.opencart.log.TestLogger - UserName Entered Successfully .. userName is :: palnilava@gmail.com
2026-01-27 12:22:00,207 [main] INFO com.qa.opencart.log.TestLogger - Entering Password ...
2026-01-27 12:22:00,311 [main] INFO com.qa.opencart.log.TestLogger - Password Entered Successfully .. userName is :: Tester@01
2026-01-27 12:22:00,312 [main] INFO com.qa.opencart.log.TestLogger - Clicking Login button ...
2026-01-27 12:22:00,443 [main] INFO com.qa.opencart.log.TestLogger - Clicked on Login button Successfully
2026-01-27 12:22:00,445 [main] INFO com.qa.opencart.log.TestLogger - Verifying Alert message if password is wrong
2026-01-27 12:22:00,817 [main] INFO com.qa.opencart.log.TestLogger - Successfully Verifying alert message if password is wrong ... Warning: Your account has exceeded allowed number of login attempts. Please try again in 1 hour.
2026-01-27 12:22:00,818 [main] INFO com.qa.opencart.log.TestLogger - Attaching screenshot to ChainTest...
2026-01-27 12:22:00,818 [main] INFO com.qa.opencart.utils.ReportsUtil - Taking screenshot in bytes ... 
2026-01-27 12:22:00,958 [main] INFO com.qa.opencart.base.Hooks - Quiting the browser ....
2026-01-27 12:22:00,958 [main] INFO com.qa.opencart.driverManager.DriverFactory - Quit the browser
2026-01-27 12:22:01,187 [main] INFO com.qa.opencart.base.Hooks - Browser: Chrome
2026-01-27 12:22:01,187 [main] INFO com.qa.opencart.driverManager.DriverFactory - Initializing the driver
2026-01-27 12:22:01,189 [main] INFO com.qa.opencart.driverManager.DriverFactory - Initialize Chrome Browser
2026-01-27 12:22:02,248 [main] INFO com.qa.opencart.base.Hooks - EnvType: dev
2026-01-27 12:22:05,138 [main] INFO com.qa.opencart.log.TestLogger - Entering userName ...
2026-01-27 12:22:05,244 [main] INFO com.qa.opencart.log.TestLogger - UserName Entered Successfully .. userName is :: 
2026-01-27 12:22:05,245 [main] INFO com.qa.opencart.log.TestLogger - Entering Password ...
2026-01-27 12:22:05,313 [main] INFO com.qa.opencart.log.TestLogger - Password Entered Successfully .. userName is :: 
2026-01-27 12:22:05,313 [main] INFO com.qa.opencart.log.TestLogger - Clicking Login button ...
2026-01-27 12:22:05,861 [main] INFO com.qa.opencart.log.TestLogger - Clicked on Login button Successfully
2026-01-27 12:22:05,861 [main] INFO com.qa.opencart.log.TestLogger - Verifying Alert message if password is wrong
2026-01-27 12:22:05,900 [main] INFO com.qa.opencart.log.TestLogger - Successfully Verifying alert message if password is wrong ... Warning: Your account has exceeded allowed number of login attempts. Please try again in 1 hour.
2026-01-27 12:22:05,901 [main] INFO com.qa.opencart.log.TestLogger - Attaching screenshot to ChainTest...
2026-01-27 12:22:05,901 [main] INFO com.qa.opencart.utils.ReportsUtil - Taking screenshot in bytes ... 
2026-01-27 12:22:06,063 [main] INFO com.qa.opencart.base.Hooks - Quiting the browser ....
2026-01-27 12:22:06,063 [main] INFO com.qa.opencart.driverManager.DriverFactory - Quit the browser
2026-01-27 12:22:06,284 [main] INFO com.qa.opencart.base.Hooks - Browser: Chrome
2026-01-27 12:22:06,284 [main] INFO com.qa.opencart.driverManager.DriverFactory - Initializing the driver
2026-01-27 12:22:06,284 [main] INFO com.qa.opencart.driverManager.DriverFactory - Initialize Chrome Browser
2026-01-27 12:22:07,331 [main] INFO com.qa.opencart.base.Hooks - EnvType: dev
2026-01-27 12:22:11,149 [main] INFO com.qa.opencart.log.TestLogger - Entering userName ...
2026-01-27 12:22:11,223 [main] INFO com.qa.opencart.log.TestLogger - UserName Entered Successfully .. userName is :: 
2026-01-27 12:22:11,223 [main] INFO com.qa.opencart.log.TestLogger - Entering Password ...
2026-01-27 12:22:11,295 [main] INFO com.qa.opencart.log.TestLogger - Password Entered Successfully .. userName is :: admin
2026-01-27 12:22:11,296 [main] INFO com.qa.opencart.log.TestLogger - Clicking Login button ...
2026-01-27 12:22:11,422 [main] INFO com.qa.opencart.log.TestLogger - Clicked on Login button Successfully
2026-01-27 12:22:11,423 [main] INFO com.qa.opencart.log.TestLogger - Verifying Alert message if password is wrong
2026-01-27 12:22:11,785 [main] INFO com.qa.opencart.log.TestLogger - Successfully Verifying alert message if password is wrong ... Warning: Your account has exceeded allowed number of login attempts. Please try again in 1 hour.
2026-01-27 12:22:11,786 [main] INFO com.qa.opencart.log.TestLogger - Attaching screenshot to ChainTest...
2026-01-27 12:22:11,786 [main] INFO com.qa.opencart.utils.ReportsUtil - Taking screenshot in bytes ... 
2026-01-27 12:22:11,932 [main] INFO com.qa.opencart.base.Hooks - Quiting the browser ....
2026-01-27 12:22:11,932 [main] INFO com.qa.opencart.driverManager.DriverFactory - Quit the browser
2026-01-27 12:22:12,164 [main] INFO com.qa.opencart.base.Hooks - Browser: Chrome
2026-01-27 12:22:12,164 [main] INFO com.qa.opencart.driverManager.DriverFactory - Initializing the driver
2026-01-27 12:22:12,164 [main] INFO com.qa.opencart.driverManager.DriverFactory - Initialize Chrome Browser
2026-01-27 12:22:13,273 [main] INFO com.qa.opencart.base.Hooks - EnvType: dev
2026-01-27 12:22:15,943 [main] INFO com.qa.opencart.log.TestLogger - Entering userName ...
2026-01-27 12:22:16,073 [main] INFO com.qa.opencart.log.TestLogger - UserName Entered Successfully .. userName is :: palnilava1930@gmail.com
2026-01-27 12:22:16,073 [main] INFO com.qa.opencart.log.TestLogger - Entering Password ...
2026-01-27 12:22:16,179 [main] INFO com.qa.opencart.log.TestLogger - Password Entered Successfully .. userName is :: 
2026-01-27 12:22:16,181 [main] INFO com.qa.opencart.log.TestLogger - Clicking Login button ...
2026-01-27 12:22:16,620 [main] INFO com.qa.opencart.log.TestLogger - Clicked on Login button Successfully
2026-01-27 12:22:16,621 [main] INFO com.qa.opencart.log.TestLogger - Verifying Alert message if password is wrong
2026-01-27 12:22:16,687 [main] INFO com.qa.opencart.log.TestLogger - Successfully Verifying alert message if password is wrong ... Warning: No match for E-Mail Address and/or Password.
2026-01-27 12:22:16,688 [main] INFO com.qa.opencart.log.TestLogger - Attaching screenshot to ChainTest...
2026-01-27 12:22:16,688 [main] INFO com.qa.opencart.utils.ReportsUtil - Taking screenshot in bytes ... 
2026-01-27 12:22:16,863 [main] INFO com.qa.opencart.base.Hooks - Quiting the browser ....
2026-01-27 12:22:16,863 [main] INFO com.qa.opencart.driverManager.DriverFactory - Quit the browser
